


ARM Macro Assembler    Page 1 


    1 00000000         ;/******************************************************
                       ***********************/
    2 00000000         ;/* OSasm.s: low-level OS commands, written in assembly 
                                             */
    3 00000000         ;/* derived from uCOS-II                                
                                             */
    4 00000000         ;/******************************************************
                       ***********************/
    5 00000000         ;Jonathan Valvano, OS Lab2/3/4/5, 1/12/20
    6 00000000         ;Students will implement these functions as part of EE44
                       5M/EE380L.12 Lab
    7 00000000         
    8 00000000                 AREA             |.text|, CODE, READONLY, ALIGN=
2
    9 00000000                 THUMB
   10 00000000                 REQUIRE8
   11 00000000                 PRESERVE8
   12 00000000         
   13 00000000                 EXTERN           RunPt       ; currently running
                                                             thread
   14 00000000                 EXTERN           NextPt
   15 00000000         
   16 00000000                 EXPORT           StartOS
   17 00000000                 EXPORT           ContextSwitch
   18 00000000                 EXPORT           PendSV_Handler
   19 00000000                 EXPORT           SVC_Handler
   20 00000000         
   21 00000000         
   22 00000000 E000ED04 
                       NVIC_INT_CTRL
                               EQU              0xE000ED04  ; Interrupt control
                                                             state register.
   23 00000000 E000ED22 
                       NVIC_SYSPRI14
                               EQU              0xE000ED22  ; PendSV priority r
                                                            egister (position 1
                                                            4).
   24 00000000 E000ED23 
                       NVIC_SYSPRI15
                               EQU              0xE000ED23  ; Systick priority 
                                                            register (position 
                                                            15).
   25 00000000 000000EF 
                       NVIC_LEVEL14
                               EQU              0xEF        ; Systick priority 
                                                            value (second lowes
                                                            t).
   26 00000000 000000FF 
                       NVIC_LEVEL15
                               EQU              0xFF        ; PendSV priority v
                                                            alue (lowest).
   27 00000000 10000000 
                       NVIC_PENDSVSET
                               EQU              0x10000000  ; Value to trigger 
                                                            PendSV exception.
   28 00000000         
   29 00000000         
   30 00000000         StartOS
   31 00000000         ;CHANGED POP IN THE SAME WAY AS REGS WERE PUSHED WHEN CO



ARM Macro Assembler    Page 2 


                       NTEXT SWITCHING
   32 00000000 B672            CPSID            I
   33 00000002 4825            LDR              R0, =RunPt  ; currently running
                                                             thread
   34 00000004 6801            LDR              R1, [R0]    ; R1 = value of Run
                                                            Pt
   35 00000006 F8D1 D000       LDR              SP, [R1]    ; new thread SP; SP
                                                             = RunPt->sp;
   36 0000000A E8BD 0FF0       POP              {R4-R11}    ; restore regs r4-1
                                                            1
   37 0000000E BC0F            POP              {R0-R3}     ; restore regs r0-3
                                                            
   38 00000010 F85D CB04       POP              {R12}
   39 00000014 B001            ADD              SP, SP, #4  ; discard LR from i
                                                            nitial stack
   40 00000016 F85D EB04       POP              {LR}        ; start location (P
                                                            C)
   41 0000001A B001            ADD              SP, SP, #4  ; discard PSR
   42 0000001C B662            CPSIE            I
   43 0000001E 4770            BX               LR          ; start first threa
                                                            d
   44 00000020         
   45 00000020         OSStartHang
   46 00000020 E7FE            B                OSStartHang ; Should never get 
                                                            here
   47 00000022         
   48 00000022         
   49 00000022         ;*******************************************************
                       *************************************************
   50 00000022         ;                               PERFORM A CONTEXT SWITCH
                        (From task level)
   51 00000022         ;                                           void Context
                       Switch(void)
   52 00000022         ;
   53 00000022         ; Note(s) : 1) ContextSwitch() is called when OS wants t
                       o perform a task context switch.  This function
   54 00000022         ;              triggers the PendSV exception which is wh
                       ere the real work is done.
   55 00000022         ;*******************************************************
                       *************************************************
   56 00000022         
   57 00000022         ContextSwitch
   58 00000022 481E            LDR              R0, =NVIC_INT_CTRL
   59 00000024 F04F 5180       LDR              R1, =NVIC_PENDSVSET
   60 00000028 6001            STR              R1, [R0]
   61 0000002A 4770            BX               LR
   62 0000002C         
   63 0000002C         
   64 0000002C         
   65 0000002C         ;*******************************************************
                       *************************************************
   66 0000002C         ;                                         HANDLE PendSV 
                       EXCEPTION
   67 0000002C         ;                                     void OS_CPU_PendSV
                       Handler(void)
   68 0000002C         ;
   69 0000002C         ; Note(s) : 1) PendSV is used to cause a context switch.
                         This is a recommended method for performing
   70 0000002C         ;              context switches with Cortex-M.  This is 



ARM Macro Assembler    Page 3 


                       because the Cortex-M3 auto-saves half of the
   71 0000002C         ;              processor context on any exception, and r
                       estores same on return from exception.  So only
   72 0000002C         ;              saving of R4-R11 is required and fixing u
                       p the stack pointers.  Using the PendSV exception
   73 0000002C         ;              this way means that context saving and re
                       storing is identical whether it is initiated from
   74 0000002C         ;              a thread or occurs due to an interrupt or
                        exception.
   75 0000002C         ;
   76 0000002C         ;           2) Pseudo-code is:
   77 0000002C         ;              a) Get the process SP, if 0 then skip (go
                       to d) the saving part (first context switch);
   78 0000002C         ;              b) Save remaining regs r4-r11 on process 
                       stack;
   79 0000002C         ;              c) Save the process SP in its TCB, OSTCBC
                       ur->OSTCBStkPtr = SP;
   80 0000002C         ;              d) Call OSTaskSwHook();
   81 0000002C         ;              e) Get current high priority, OSPrioCur =
                        OSPrioHighRdy;
   82 0000002C         ;              f) Get current ready thread TCB, OSTCBCur
                        = OSTCBHighRdy;
   83 0000002C         ;              g) Get new process SP from TCB, SP = OSTC
                       BHighRdy->OSTCBStkPtr;
   84 0000002C         ;              h) Restore R4-R11 from new process stack;
                       
   85 0000002C         ;              i) Perform exception return which will re
                       store remaining context.
   86 0000002C         ;
   87 0000002C         ;           3) On entry into PendSV handler:
   88 0000002C         ;              a) The following have been saved on the p
                       rocess stack (by processor):
   89 0000002C         ;                 xPSR, PC, LR, R12, R0-R3
   90 0000002C         ;              b) Processor mode is switched to Handler 
                       mode (from Thread mode)
   91 0000002C         ;              c) Stack is Main stack (switched from Pro
                       cess stack)
   92 0000002C         ;              d) OSTCBCur      points to the OS_TCB of 
                       the task to suspend
   93 0000002C         ;                 OSTCBHighRdy  points to the OS_TCB of 
                       the task to resume
   94 0000002C         ;
   95 0000002C         ;           4) Since PendSV is set to lowest priority in
                        the system (by OSStartHighRdy() above), we
   96 0000002C         ;              know that it will only be run when no oth
                       er exception or interrupt is active, and
   97 0000002C         ;              therefore safe to assume that context bei
                       ng switched out was using the process stack (PSP).
   98 0000002C         ;*******************************************************
                       *************************************************
   99 0000002C         
  100 0000002C         PendSV_Handler
  101 0000002C B672            CPSID            I
  102 0000002E E92D 0FF0       PUSH             {R4-R11}    ; 3) Save remaining
                                                             regs r4-11
  103 00000032 4819            LDR              R0, =RunPt  ; 4) R0=pointer to 
                                                            RunPt, old thread
  104 00000034 6801            LDR              R1, [R0]    ; R1 = RunPt
  105 00000036 F8C1 D000       STR              SP, [R1]    ; 5) Save SP into T



ARM Macro Assembler    Page 4 


                                                            CB
  106 0000003A 4919            LDR              R1, =NextPt ; 6) R1 = address o
                                                            f NextPt
  107 0000003C 6809            LDR              R1, [R1]    ;6.5) R1 = NextPt
  108 0000003E 6001            STR              R1, [R0]    ; RunPt = R1 = Next
                                                            Pt
  109 00000040 F8D1 D000       LDR              SP, [R1]    ; 7) new thread SP;
                                                             SP = RunPt->sp;
  110 00000044 E8BD 0FF0       POP              {R4-R11}    ; 8) restore regs r
                                                            4-11
  111 00000048 B662            CPSIE            I
  112 0000004A 4770            BX               LR          ; Exception return 
                                                            will restore remain
                                                            ing context
  113 0000004C         
  114 0000004C         ; CPSID I
  115 0000004C         ; PUSH {R4-R11} ; 3) Save remaining regs r4-11
  116 0000004C         ; LDR R0, =RunPt ; 4) R0=pointer to RunPt, old thread
  117 0000004C         ; LDR R1, [R0] ; R1 = RunPt
  118 0000004C         ; STR SP, [R1] ; 5) Save SP into TCB
  119 0000004C         ; LDR R1, [R1,#4] ; 6) R1 = RunPt->next
  120 0000004C         ; STR R1, [R0] ; RunPt = R1
  121 0000004C         ; LDR SP, [R1] ; 7) new thread SP; SP = RunPt->sp;
  122 0000004C         ; POP {R4-R11} ; 8) restore regs r4-11
  123 0000004C         ; CPSIE I
  124 0000004C         ;    BX      LR                 ; Exception return will 
                       restore remaining context
  125 0000004C         ;    
  126 0000004C         
  127 0000004C         ;*******************************************************
                       *************************************************
  128 0000004C         ;                                         HANDLE SVC EXC
                       EPTION
  129 0000004C         ;                                     void OS_CPU_SVCHan
                       dler(void)
  130 0000004C         ;
  131 0000004C         ; Note(s) : SVC is a software-triggered exception to mak
                       e OS kernel calls from user land. 
  132 0000004C         ;           The function ID to call is encoded in the in
                       struction itself, the location of which can be
  133 0000004C         ;           found relative to the return address saved o
                       n the stack on exception entry.
  134 0000004C         ;           Function-call paramters in R0..R3 are also a
                       uto-saved on stack on exception entry.
  135 0000004C         ;*******************************************************
                       *************************************************
  136 0000004C         
  137 0000004C                 IMPORT           OS_Id
  138 0000004C                 IMPORT           OS_Kill
  139 0000004C                 IMPORT           OS_Sleep
  140 0000004C                 IMPORT           OS_Time
  141 0000004C                 IMPORT           OS_AddThread
  142 0000004C         
  143 0000004C         SVC_Handler
  144 0000004C         ; put your Lab 5 code here
  145 0000004C         ;CPSID   I
  146 0000004C F8DD C018       LDR              R12,[SP,#24] ; Return address
  147 00000050         
  148 00000050 F83C CC02       LDRH             R12,[R12,#-2] ; SVC instruction



ARM Macro Assembler    Page 5 


                                                             is 2 bytes
  149 00000054 F42C 4C7F       BIC              R12,#0xFF00 ; Extract ID in R12
                                                            
  150 00000058 E89D 000F       LDM              SP,{R0-R3}  ; Get any parameter
                                                            s
  151 0000005C         
  152 0000005C B500            PUSH{LR}
  153 0000005E F1BC 0F00       CMP              R12, #0
  154 00000062 BF08 F7FF 
              FFFE             BLEQ             OS_Id       ; Call OS routine b
                                                            y ID…
  155 00000068         
  156 00000068 F1BC 0F01       CMP              R12, #1
  157 0000006C BF08 F7FF 
              FFFE             BLEQ             OS_Kill
  158 00000072         
  159 00000072 F1BC 0F02       CMP              R12, #2
  160 00000076 BF08 F7FF 
              FFFE             BLEQ             OS_Sleep
  161 0000007C         
  162 0000007C F1BC 0F03       CMP              R12, #3
  163 00000080 BF08 F7FF 
              FFFE             BLEQ             OS_Time
  164 00000086         
  165 00000086 F1BC 0F04       CMP              R12, #4
  166 0000008A BF08 F7FF 
              FFFE             BLEQ             OS_AddThread
  167 00000090         
  168 00000090         
  169 00000090 F85D EB04       POP{LR}
  170 00000094 9000            STR              R0,[SP]     ; Store return valu
                                                            e
  171 00000096         ;CPSIE   I 
  172 00000096 4770            BX               LR          ; Return from excep
                                                            tion  
  173 00000098         
  174 00000098                 ALIGN
  175 00000098                 END
              00000000 
              E000ED04 
              00000000 
Command Line: --debug --xref --diag_suppress=9931,A1950W --cpu=Cortex-M4 --fpu=
SoftVFP --depend=.\osasm.d -o.\osasm.o -IC:\Users\jacob\AppData\Local\Arm\Packs
\Keil\TM4C_DFP\1.1.0\Device\Include\TM4C123 --predefine="__MICROLIB SETA 1" --p
redefine="__UVISION_VERSION SETA 541" --predefine="TM4C123GH6PM SETA 1" --list=
.\osasm.lst ..\RTOS_Labs_common\osasm.s



ARM Macro Assembler    Page 1 Alphabetic symbol ordering
Relocatable symbols

.text 00000000

Symbol: .text
   Definitions
      At line 8 in file ..\RTOS_Labs_common\osasm.s
   Uses
      None
Comment: .text unused
ContextSwitch 00000022

Symbol: ContextSwitch
   Definitions
      At line 57 in file ..\RTOS_Labs_common\osasm.s
   Uses
      At line 17 in file ..\RTOS_Labs_common\osasm.s
Comment: ContextSwitch used once
OSStartHang 00000020

Symbol: OSStartHang
   Definitions
      At line 45 in file ..\RTOS_Labs_common\osasm.s
   Uses
      At line 46 in file ..\RTOS_Labs_common\osasm.s
Comment: OSStartHang used once
PendSV_Handler 0000002C

Symbol: PendSV_Handler
   Definitions
      At line 100 in file ..\RTOS_Labs_common\osasm.s
   Uses
      At line 18 in file ..\RTOS_Labs_common\osasm.s
Comment: PendSV_Handler used once
SVC_Handler 0000004C

Symbol: SVC_Handler
   Definitions
      At line 143 in file ..\RTOS_Labs_common\osasm.s
   Uses
      At line 19 in file ..\RTOS_Labs_common\osasm.s
Comment: SVC_Handler used once
StartOS 00000000

Symbol: StartOS
   Definitions
      At line 30 in file ..\RTOS_Labs_common\osasm.s
   Uses
      At line 16 in file ..\RTOS_Labs_common\osasm.s
Comment: StartOS used once
6 symbols



ARM Macro Assembler    Page 1 Alphabetic symbol ordering
Absolute symbols

NVIC_INT_CTRL E000ED04

Symbol: NVIC_INT_CTRL
   Definitions
      At line 22 in file ..\RTOS_Labs_common\osasm.s
   Uses
      At line 58 in file ..\RTOS_Labs_common\osasm.s
Comment: NVIC_INT_CTRL used once
NVIC_LEVEL14 000000EF

Symbol: NVIC_LEVEL14
   Definitions
      At line 25 in file ..\RTOS_Labs_common\osasm.s
   Uses
      None
Comment: NVIC_LEVEL14 unused
NVIC_LEVEL15 000000FF

Symbol: NVIC_LEVEL15
   Definitions
      At line 26 in file ..\RTOS_Labs_common\osasm.s
   Uses
      None
Comment: NVIC_LEVEL15 unused
NVIC_PENDSVSET 10000000

Symbol: NVIC_PENDSVSET
   Definitions
      At line 27 in file ..\RTOS_Labs_common\osasm.s
   Uses
      At line 59 in file ..\RTOS_Labs_common\osasm.s
Comment: NVIC_PENDSVSET used once
NVIC_SYSPRI14 E000ED22

Symbol: NVIC_SYSPRI14
   Definitions
      At line 23 in file ..\RTOS_Labs_common\osasm.s
   Uses
      None
Comment: NVIC_SYSPRI14 unused
NVIC_SYSPRI15 E000ED23

Symbol: NVIC_SYSPRI15
   Definitions
      At line 24 in file ..\RTOS_Labs_common\osasm.s
   Uses
      None
Comment: NVIC_SYSPRI15 unused
6 symbols



ARM Macro Assembler    Page 1 Alphabetic symbol ordering
External symbols

NextPt 00000000

Symbol: NextPt
   Definitions
      At line 14 in file ..\RTOS_Labs_common\osasm.s
   Uses
      At line 106 in file ..\RTOS_Labs_common\osasm.s
Comment: NextPt used once
OS_AddThread 00000000

Symbol: OS_AddThread
   Definitions
      At line 141 in file ..\RTOS_Labs_common\osasm.s
   Uses
      At line 166 in file ..\RTOS_Labs_common\osasm.s
Comment: OS_AddThread used once
OS_Id 00000000

Symbol: OS_Id
   Definitions
      At line 137 in file ..\RTOS_Labs_common\osasm.s
   Uses
      At line 154 in file ..\RTOS_Labs_common\osasm.s
Comment: OS_Id used once
OS_Kill 00000000

Symbol: OS_Kill
   Definitions
      At line 138 in file ..\RTOS_Labs_common\osasm.s
   Uses
      At line 157 in file ..\RTOS_Labs_common\osasm.s
Comment: OS_Kill used once
OS_Sleep 00000000

Symbol: OS_Sleep
   Definitions
      At line 139 in file ..\RTOS_Labs_common\osasm.s
   Uses
      At line 160 in file ..\RTOS_Labs_common\osasm.s
Comment: OS_Sleep used once
OS_Time 00000000

Symbol: OS_Time
   Definitions
      At line 140 in file ..\RTOS_Labs_common\osasm.s
   Uses
      At line 163 in file ..\RTOS_Labs_common\osasm.s
Comment: OS_Time used once
RunPt 00000000

Symbol: RunPt
   Definitions
      At line 13 in file ..\RTOS_Labs_common\osasm.s
   Uses
      At line 33 in file ..\RTOS_Labs_common\osasm.s
      At line 103 in file ..\RTOS_Labs_common\osasm.s

7 symbols
354 symbols in table
