


ARM Macro Assembler    Page 1 


    1 00000000         ;/******************************************************
                       ***********************/
    2 00000000         ;/* OSasm.s: low-level OS commands, written in assembly 
                                             */
    3 00000000         ;/* derived from uCOS-II                                
                                             */
    4 00000000         ;/******************************************************
                       ***********************/
    5 00000000         ;Jonathan Valvano, OS Lab2/3/4/5, 1/12/20
    6 00000000         ;Students will implement these functions as part of EE44
                       5M/EE380L.12 Lab
    7 00000000         
    8 00000000                 AREA             |.text|, CODE, READONLY, ALIGN=
2
    9 00000000                 THUMB
   10 00000000                 REQUIRE8
   11 00000000                 PRESERVE8
   12 00000000         
   13 00000000                 EXTERN           RunPt       ; currently running
                                                             thread
   14 00000000                 EXTERN           next_RunPt
   15 00000000                 EXTERN           main_stack_pointer ;where main 
                                                            stack pointer is sa
                                                            ved
   16 00000000         
   17 00000000                 EXPORT           StartOS
   18 00000000                 EXPORT           ContextSwitch
   19 00000000                 EXPORT           PendSV_Handler
   20 00000000                 EXPORT           SVC_Handler
   21 00000000                 EXPORT           Thread_Stack_init
   22 00000000         
   23 00000000 E000ED04 
                       NVIC_INT_CTRL
                               EQU              0xE000ED04  ; Interrupt control
                                                             state register.
   24 00000000 E000ED22 
                       NVIC_SYSPRI14
                               EQU              0xE000ED22  ; PendSV priority r
                                                            egister (position 1
                                                            4).
   25 00000000 E000ED23 
                       NVIC_SYSPRI15
                               EQU              0xE000ED23  ; Systick priority 
                                                            register (position 
                                                            15).
   26 00000000 000000EF 
                       NVIC_LEVEL14
                               EQU              0xEF        ; Systick priority 
                                                            value (second lowes
                                                            t).
   27 00000000 000000FF 
                       NVIC_LEVEL15
                               EQU              0xFF        ; PendSV priority v
                                                            alue (lowest).
   28 00000000 10000000 
                       NVIC_PENDSVSET
                               EQU              0x10000000  ; Value to trigger 
                                                            PendSV exception.
   29 00000000         



ARM Macro Assembler    Page 2 


   30 00000000         
   31 00000000         StartOS
   32 00000000         ; put your code here
   33 00000000 4829            LDR              R0, =RunPt  ; 4) R0=pointer to 
                                                            RunPt, old thread
   34 00000002 6801            LDR              R1, [R0]    ;    R1 = RunPt
   35 00000004 F8D1 D000       LDR              SP, [R1]    ; 7) new thread SP;
                                                             SP = RunPt->sp;
   36 00000008 E8BD 0FF0       POP              {R4-R11}
   37 0000000C E8BD 100F       POP              {R0-R3, R12} ; 8) restore regs 
                                                            r4-11
   38 00000010 BC01            POP              {R0}
   39 00000012 F85D EB04       POP              {LR}
   40 00000016 BC01            POP              {R0}
   41 00000018 F380 8803       MSR              PSR, R0
   42 0000001C B662            CPSIE            I           ; 9) run with inter
                                                            rupts enabled
   43 0000001E 4770            BX               LR          ; 10) restore R0-R3
                                                            ,R12,LR,PC,PSR
   44 00000020         
   45 00000020         
   46 00000020         
   47 00000020         OSStartHang
   48 00000020 E7FE            B                OSStartHang ; Should never get 
                                                            here
   49 00000022         
   50 00000022         
   51 00000022         ;*******************************************************
                       *************************************************
   52 00000022         ;                               PERFORM A CONTEXT SWITCH
                        (From task level)
   53 00000022         ;                                           void Context
                       Switch(void)
   54 00000022         ;
   55 00000022         ; Note(s) : 1) ContextSwitch() is called when OS wants t
                       o perform a task context switch.  This function
   56 00000022         ;              triggers the PendSV exception which is wh
                       ere the real work is done.
   57 00000022         ;*******************************************************
                       *************************************************
   58 00000022         
   59 00000022         ContextSwitch
   60 00000022         ; edit this code
   61 00000022         ;store current stuff
   62 00000022         ;store current stack pointer
   63 00000022         ;stores updated current stack pointer
   64 00000022         ;grab next stack pointer
   65 00000022         ;  LDR r0, [r0, #20] ;loads next TCB pointer into r0, sa
                       me as next->stack_pointer
   66 00000022         ;  LDR r1, [r0]  ;loads the stack pointer from that
   67 00000022         ;  MOVS r1, SP  ;sets stack pointer
   68 00000022         ;pop stuff off stack
   69 00000022         ;----this code is altered from lecture 2 slides----
   70 00000022 B672            CPSID            I           ; 2) Prevent interr
                                                            upt during switch
   71 00000024 E92D 500F       PUSH             {R0-R3, R12, LR}
   72 00000028 E92D 0FF0       PUSH             {R4-R11}    ; 3) Save remaining
                                                             regs r4-11
   73 0000002C         ;MRS R0, PSR  ;save PSR to R0



ARM Macro Assembler    Page 3 


   74 0000002C         ;PUSH {R0}    ;PUSH PSR onto stack
   75 0000002C 481E            LDR              R0, =RunPt  ; 4) R0=pointer to 
                                                            RunPt, old thread
   76 0000002E 6801            LDR              R1, [R0]    ;    R1 = RunPt
   77 00000030 F8C1 D000       STR              SP, [R1]    ; 5) Save SP into T
                                                            CB
   78 00000034 6849            LDR              R1, [R1,#4] ; 6) R1 = RunPt->ne
                                                            xt
   79 00000036 6001            STR              R1, [R0]    ;    RunPt= R1
   80 00000038 F8D1 D000       LDR              SP, [R1]    ; 7) new thread SP;
                                                             SP = RunPt->sp;
   81 0000003C         ;POP {R0}
   82 0000003C         ;MSR PSR, R0
   83 0000003C E8BD 0FF0       POP              {R4-R11}    ; 8) restore regs r
                                                            4-11
   84 00000040 E8BD 500F       POP              {R0-R3, R12, LR}
   85 00000044 B662            CPSIE            I           ; 9) run with inter
                                                            rupts enabled
   86 00000046 4770            BX               LR          ; 10) restore R0-R3
                                                            ,R12,LR,PC,PSR
   87 00000048         
   88 00000048 4770            BX               LR
   89 0000004A         
   90 0000004A         
   91 0000004A         ;*******************************************************
                       *************************************************
   92 0000004A         ;                                         HANDLE PendSV 
                       EXCEPTION
   93 0000004A         ;                                     void OS_CPU_PendSV
                       Handler(void)
   94 0000004A         ;
   95 0000004A         ; Note(s) : 1) PendSV is used to cause a context switch.
                         This is a recommended method for performing
   96 0000004A         ;              context switches with Cortex-M.  This is 
                       because the Cortex-M3 auto-saves half of the
   97 0000004A         ;              processor context on any exception, and r
                       estores same on return from exception.  So only
   98 0000004A         ;              saving of R4-R11 is required and fixing u
                       p the stack pointers.  Using the PendSV exception
   99 0000004A         ;              this way means that context saving and re
                       storing is identical whether it is initiated from
  100 0000004A         ;              a thread or occurs due to an interrupt or
                        exception.
  101 0000004A         ;
  102 0000004A         ;           2) Pseudo-code is:
  103 0000004A         ;              a) Get the process SP, if 0 then skip (go
                       to d) the saving part (first context switch);
  104 0000004A         ;              b) Save remaining regs r4-r11 on process 
                       stack;
  105 0000004A         ;              c) Save the process SP in its TCB, OSTCBC
                       ur->OSTCBStkPtr = SP;
  106 0000004A         ;              d) Call OSTaskSwHook();
  107 0000004A         ;              e) Get current high priority, OSPrioCur =
                        OSPrioHighRdy;
  108 0000004A         ;              f) Get current ready thread TCB, OSTCBCur
                        = OSTCBHighRdy;
  109 0000004A         ;              g) Get new process SP from TCB, SP = OSTC
                       BHighRdy->OSTCBStkPtr;
  110 0000004A         ;              h) Restore R4-R11 from new process stack;



ARM Macro Assembler    Page 4 


                       
  111 0000004A         ;              i) Perform exception return which will re
                       store remaining context.
  112 0000004A         ;
  113 0000004A         ;           3) On entry into PendSV handler:
  114 0000004A         ;              a) The following have been saved on the p
                       rocess stack (by processor):
  115 0000004A         ;                 xPSR, PC, LR, R12, R0-R3
  116 0000004A         ;              b) Processor mode is switched to Handler 
                       mode (from Thread mode)
  117 0000004A         ;              c) Stack is Main stack (switched from Pro
                       cess stack)
  118 0000004A         ;              d) OSTCBCur      points to the OS_TCB of 
                       the task to suspend
  119 0000004A         ;                 OSTCBHighRdy  points to the OS_TCB of 
                       the task to resume
  120 0000004A         ;
  121 0000004A         ;           4) Since PendSV is set to lowest priority in
                        the system (by OSStartHighRdy() above), we
  122 0000004A         ;              know that it will only be run when no oth
                       er exception or interrupt is active, and
  123 0000004A         ;              therefore safe to assume that context bei
                       ng switched out was using the process stack (PSP).
  124 0000004A         ;*******************************************************
                       *************************************************
  125 0000004A         
  126 0000004A         PendSV_Handler
  127 0000004A         ; put your code here
  128 0000004A         
  129 0000004A         ;----this code is altered from lecture 2 slides----
  130 0000004A B672            CPSID            I           ; 2) Prevent interr
                                                            upt during switch
  131 0000004C E92D 0FF0       PUSH             {R4-R11}    ; 3) Save remaining
                                                             regs r4-11
  132 00000050         ;MRS R0, PSR  ;save PSR to R0
  133 00000050         ;PUSH {R0}    ;PUSH PSR onto stack
  134 00000050 4815            LDR              R0, =RunPt  ; 4) R0=pointer to 
                                                            RunPt, old thread
  135 00000052 6801            LDR              R1, [R0]    ;    R1 = RunPt
  136 00000054 F8C1 D000       STR              SP, [R1]    ; 5) Save SP into T
                                                            CB
  137 00000058 4914            LDR              R1, =next_RunPt
  138 0000005A 6809            LDR              R1, [R1]
  139 0000005C         ;LDR     R1, [R1,#4]   ; 6) R1 = RunPt->next
  140 0000005C 6001            STR              R1, [R0]    ;    RunPt= R1
  141 0000005E F8D1 D000       LDR              SP, [R1]    ; 7) new thread SP;
                                                             SP = RunPt->sp;
  142 00000062         ;POP {R0}
  143 00000062         ;MSR PSR, R0
  144 00000062 E8BD 0FF0       POP              {R4-R11}    ; 8) restore regs r
                                                            4-11
  145 00000066 B662            CPSIE            I           ; 9) run with inter
                                                            rupts enabled
  146 00000068 4770            BX               LR          ; 10) restore R0-R3
                                                            ,R12,LR,PC,PSR
  147 0000006A         
  148 0000006A         MainToThread
  149 0000006A         ; PUSH {R0-R3, R12, LR}
  150 0000006A         ; PUSH {R4-R11}



ARM Macro Assembler    Page 5 


  151 0000006A         ; MRS R0, PSR  ;save PSR to R0
  152 0000006A         ; PUSH {R0}    ;PUSH PSR onto stack
  153 0000006A         ; LDR R0, =main_stack_pointer
  154 0000006A         ;STR SP, [R0]   ;store main stack pointer
  155 0000006A 480F            LDR              R0, =RunPt  ; 4) R0=pointer to 
                                                            RunPt, old thread
  156 0000006C 6801            LDR              R1, [R0]    ;    R1 = RunPt
  157 0000006E F8D1 D000       LDR              SP, [R1]    ; 7) new thread SP;
                                                             SP = RunPt->sp;
  158 00000072 E8BD 0FF0       POP              {R4-R11}
  159 00000076 E8BD 100F       POP              {R0-R3, R12} ; 8) restore regs 
                                                            r4-11
  160 0000007A BC01            POP              {R0}
  161 0000007C F85D EB04       POP              {LR}
  162 00000080 BC01            POP              {R0}
  163 00000082 F380 8803       MSR              PSR, R0
  164 00000086 B662            CPSIE            I           ; 9) run with inter
                                                            rupts enabled
  165 00000088 4770            BX               LR          ; 10) restore R0-R3
                                                            ,R12,LR,PC,PSR
  166 0000008A         
  167 0000008A         
  168 0000008A         
  169 0000008A         ;*******************************************************
                       *************************************************
  170 0000008A         ;                                         HANDLE SVC EXC
                       EPTION
  171 0000008A         ;                                     void OS_CPU_SVCHan
                       dler(void)
  172 0000008A         ;
  173 0000008A         ; Note(s) : SVC is a software-triggered exception to mak
                       e OS kernel calls from user land. 
  174 0000008A         ;           The function ID to call is encoded in the in
                       struction itself, the location of which can be
  175 0000008A         ;           found relative to the return address saved o
                       n the stack on exception entry.
  176 0000008A         ;           Function-call paramters in R0..R3 are also a
                       uto-saved on stack on exception entry.
  177 0000008A         ;*******************************************************
                       *************************************************
  178 0000008A         
  179 0000008A                 IMPORT           OS_Id
  180 0000008A                 IMPORT           OS_Kill
  181 0000008A                 IMPORT           OS_Sleep
  182 0000008A                 IMPORT           OS_Time
  183 0000008A                 IMPORT           OS_AddThread
  184 0000008A         
  185 0000008A         SVC_Handler
  186 0000008A         ; put your Lab 5 code here
  187 0000008A         
  188 0000008A         
  189 0000008A 4770            BX               LR          ; Return from excep
                                                            tion
  190 0000008C         
  191 0000008C         
  192 0000008C         
  193 0000008C         
  194 0000008C         Thread_Stack_init
  195 0000008C         ;R0 has function pointer address



ARM Macro Assembler    Page 6 


  196 0000008C         ;PUSH {R0-R3, R12, LR}
  197 0000008C         ;PUSH    {R4-R11}      ; 3) Save remaining regs r4-11
  198 0000008C         ;MRS R0, PSR  ;save PSR to R0
  199 0000008C         ;PUSH {R0}    ;PUSH PSR onto stack
  200 0000008C         
  201 0000008C         ; R0 has function pointer address
  202 0000008C         ; R1 holds new stack pointer
  203 0000008C F05F 7280       MOVS             R2, #1<<24
  204 00000090 600A            STR              R2, [R1]
  205 00000092 3904            SUBS             R1, #4
  206 00000094 6008            STR              R0, [R1]    ;function pointer f
                                                            irst into pc
  207 00000096 3904            SUBS             R1, #4
  208 00000098 F05F 0C0C       MOVS             R12, #12
  209 0000009C 3904            SUBS             R1, #4
  210 0000009E F8C1 C000       STR              R12, [R1]   ;will be R12 on pop
                                                            
  211 000000A2 3930            SUBS             R1, #48
  212 000000A4 0008            MOVS             R0, R1
  213 000000A6         
  214 000000A6 4770            BX               LR
  215 000000A8         
  216 000000A8         ; PUSH {R1}
  217 000000A8         ; MOVS R1, #1
  218 000000A8         ; PUSH {R1}
  219 000000A8         ; MOVS R2, #2
  220 000000A8         ; PUSH {R2}
  221 000000A8         ; MOVS R3, #3
  222 000000A8         ; PUSH {R3}
  223 000000A8         ; MOVS R4, #4
  224 000000A8         ; PUSH {R4}
  225 000000A8         ; MOVS R5, #5
  226 000000A8         ; PUSH {R5}
  227 000000A8         ; MOVS R6, #6
  228 000000A8         ; PUSH {R6}
  229 000000A8         ; MOVS R7, #7
  230 000000A8         ; PUSH {R7}
  231 000000A8         ; MOVS R8, #8
  232 000000A8         ; PUSH {R8}
  233 000000A8         ; MOVS R9, #9
  234 000000A8         ; PUSH {R9}
  235 000000A8         ; MOVS R10, #10
  236 000000A8         ; PUSH {R10}
  237 000000A8         ; MOVS R11, #11
  238 000000A8         ; PUSH {R11}
  239 000000A8         ; MOVS R12, #12
  240 000000A8         ; PUSH {R12}
  241 000000A8         ; PUSH {R0} ; pushes function pointer as Link Register
  242 000000A8         
  243 000000A8         ; MRS R0, PSR
  244 000000A8         ; PUSH {R0}
  245 000000A8         
  246 000000A8                 ALIGN
  247 000000A8                 END
              00000000 
              00000000 
Command Line: --debug --xref --diag_suppress=9931,A1950W --cpu=Cortex-M4 --fpu=
SoftVFP --depend=.\osasm.d -o.\osasm.o -I.\RTE\_Lab3 -IC:\Users\jacob\AppData\L
ocal\Arm\Packs\ARM\CMSIS\6.1.0\CMSIS\Core\Include -IC:\Users\jacob\AppData\Loca



ARM Macro Assembler    Page 7 


l\Arm\Packs\Keil\TM4C_DFP\1.1.0\Device\Include\TM4C123 --predefine="__EVAL SETA
 1" --predefine="__MICROLIB SETA 1" --predefine="__UVISION_VERSION SETA 541" --
predefine="TM4C123GH6PM SETA 1" --predefine="_RTE_ SETA 1" --list=.\osasm.lst .
.\RTOS_Labs_common\osasm.s



ARM Macro Assembler    Page 1 Alphabetic symbol ordering
Relocatable symbols

.text 00000000

Symbol: .text
   Definitions
      At line 8 in file ..\RTOS_Labs_common\osasm.s
   Uses
      None
Comment: .text unused
ContextSwitch 00000022

Symbol: ContextSwitch
   Definitions
      At line 59 in file ..\RTOS_Labs_common\osasm.s
   Uses
      At line 18 in file ..\RTOS_Labs_common\osasm.s
Comment: ContextSwitch used once
MainToThread 0000006A

Symbol: MainToThread
   Definitions
      At line 148 in file ..\RTOS_Labs_common\osasm.s
   Uses
      None
Comment: MainToThread unused
OSStartHang 00000020

Symbol: OSStartHang
   Definitions
      At line 47 in file ..\RTOS_Labs_common\osasm.s
   Uses
      At line 48 in file ..\RTOS_Labs_common\osasm.s
Comment: OSStartHang used once
PendSV_Handler 0000004A

Symbol: PendSV_Handler
   Definitions
      At line 126 in file ..\RTOS_Labs_common\osasm.s
   Uses
      At line 19 in file ..\RTOS_Labs_common\osasm.s
Comment: PendSV_Handler used once
SVC_Handler 0000008A

Symbol: SVC_Handler
   Definitions
      At line 185 in file ..\RTOS_Labs_common\osasm.s
   Uses
      At line 20 in file ..\RTOS_Labs_common\osasm.s
Comment: SVC_Handler used once
StartOS 00000000

Symbol: StartOS
   Definitions
      At line 31 in file ..\RTOS_Labs_common\osasm.s
   Uses
      At line 17 in file ..\RTOS_Labs_common\osasm.s
Comment: StartOS used once
Thread_Stack_init 0000008C

Symbol: Thread_Stack_init



ARM Macro Assembler    Page 2 Alphabetic symbol ordering
Relocatable symbols

   Definitions
      At line 194 in file ..\RTOS_Labs_common\osasm.s
   Uses
      At line 21 in file ..\RTOS_Labs_common\osasm.s
Comment: Thread_Stack_init used once
8 symbols



ARM Macro Assembler    Page 1 Alphabetic symbol ordering
Absolute symbols

NVIC_INT_CTRL E000ED04

Symbol: NVIC_INT_CTRL
   Definitions
      At line 23 in file ..\RTOS_Labs_common\osasm.s
   Uses
      None
Comment: NVIC_INT_CTRL unused
NVIC_LEVEL14 000000EF

Symbol: NVIC_LEVEL14
   Definitions
      At line 26 in file ..\RTOS_Labs_common\osasm.s
   Uses
      None
Comment: NVIC_LEVEL14 unused
NVIC_LEVEL15 000000FF

Symbol: NVIC_LEVEL15
   Definitions
      At line 27 in file ..\RTOS_Labs_common\osasm.s
   Uses
      None
Comment: NVIC_LEVEL15 unused
NVIC_PENDSVSET 10000000

Symbol: NVIC_PENDSVSET
   Definitions
      At line 28 in file ..\RTOS_Labs_common\osasm.s
   Uses
      None
Comment: NVIC_PENDSVSET unused
NVIC_SYSPRI14 E000ED22

Symbol: NVIC_SYSPRI14
   Definitions
      At line 24 in file ..\RTOS_Labs_common\osasm.s
   Uses
      None
Comment: NVIC_SYSPRI14 unused
NVIC_SYSPRI15 E000ED23

Symbol: NVIC_SYSPRI15
   Definitions
      At line 25 in file ..\RTOS_Labs_common\osasm.s
   Uses
      None
Comment: NVIC_SYSPRI15 unused
6 symbols



ARM Macro Assembler    Page 1 Alphabetic symbol ordering
External symbols

OS_AddThread 00000000

Symbol: OS_AddThread
   Definitions
      At line 183 in file ..\RTOS_Labs_common\osasm.s
   Uses
      None
Comment: OS_AddThread unused
OS_Id 00000000

Symbol: OS_Id
   Definitions
      At line 179 in file ..\RTOS_Labs_common\osasm.s
   Uses
      None
Comment: OS_Id unused
OS_Kill 00000000

Symbol: OS_Kill
   Definitions
      At line 180 in file ..\RTOS_Labs_common\osasm.s
   Uses
      None
Comment: OS_Kill unused
OS_Sleep 00000000

Symbol: OS_Sleep
   Definitions
      At line 181 in file ..\RTOS_Labs_common\osasm.s
   Uses
      None
Comment: OS_Sleep unused
OS_Time 00000000

Symbol: OS_Time
   Definitions
      At line 182 in file ..\RTOS_Labs_common\osasm.s
   Uses
      None
Comment: OS_Time unused
RunPt 00000000

Symbol: RunPt
   Definitions
      At line 13 in file ..\RTOS_Labs_common\osasm.s
   Uses
      At line 33 in file ..\RTOS_Labs_common\osasm.s
      At line 75 in file ..\RTOS_Labs_common\osasm.s
      At line 134 in file ..\RTOS_Labs_common\osasm.s
      At line 155 in file ..\RTOS_Labs_common\osasm.s

main_stack_pointer 00000000

Symbol: main_stack_pointer
   Definitions
      At line 15 in file ..\RTOS_Labs_common\osasm.s
   Uses
      None
Comment: main_stack_pointer unused



ARM Macro Assembler    Page 2 Alphabetic symbol ordering
External symbols

next_RunPt 00000000

Symbol: next_RunPt
   Definitions
      At line 14 in file ..\RTOS_Labs_common\osasm.s
   Uses
      At line 137 in file ..\RTOS_Labs_common\osasm.s
Comment: next_RunPt used once
8 symbols
359 symbols in table
